********************************************************************************
DUPLICATOR-LITE PACKAGE-LOG: 21 December 2023 12:08 pm
NOTICE: Do NOT post to public sites or forums 
********************************************************************************
VERSION:	1.5.7.1
WORDPRESS:	6.4.2
PHP INFO:	8.2.4 | SAPI: apache2handler
SERVER:		Apache/2.4.56 (Win64) OpenSSL/1.1.1t PHP/8.2.4 
PHP TIME LIMIT: (0) no time limit imposed 
PHP MAX MEMORY: 4294967296 (512M default) 
MEMORY STACK: 72MB
[CTRL DUP ARCIVE] PACKAGE AS NEW ID 1 SAVED | STATUS:0
[DUP ARCHIVE] BUILDING DATABASE

********************************************************************************
DATABASE:
********************************************************************************
BUILD MODE:   MYSQLDUMP
MYSQLTIMEOUT: 5000
MYSQLDUMP:    Is Supported
MYSQL DUMP ERROR 2

==================================================================================
DUPLICATOR ERROR
Please try again! If the error persists see the Duplicator 'Help' menu.
---------------------------------------------------------------------------------
MESSAGE:
	Shell mysql dump error. Change SQL Mode to the "PHP Code" in the Duplicator > Settings > Packages.
TRACE:
	 1. class.pack.database.php : error (599)
	 2. class.pack.database.php : mysqlDump (230)
	 3. class.pack.php : build (1305)
	 4. ctrl.package.php : runDupArchiveBuild (170)
	 5. class-wp-hook.php : duplicator_duparchive_package_build (324)
	 6. class-wp-hook.php : apply_filters (348)
	 7. plugin.php : do_action (517)
	 8. admin-ajax.php : do_action (188)
==================================================================================


==================================================================================
DUPLICATOR ERROR
Please try again! If the error persists see the Duplicator 'Help' menu.
---------------------------------------------------------------------------------
MESSAGE:
	Runtime error in DUP_Database::Build. Shell mysql dump error. Change SQL Mode to the "PHP Code" in the Duplicator > Settings > Packages.
DETAILS:
	Exception: Exception: Shell mysql dump error. Change SQL Mode to the "PHP Code" in the Duplicator > Settings > Packages. in C:\xampp8\htdocs\mitrakreasi\wp-content\plugins\duplicator\classes\class.logging.php:301
Stack trace:
#0 C:\xampp8\htdocs\mitrakreasi\wp-content\plugins\duplicator\classes\package\class.pack.database.php(599): DUP_Log::error('Shell mysql dum...', '', 1)
#1 C:\xampp8\htdocs\mitrakreasi\wp-content\plugins\duplicator\classes\package\class.pack.database.php(230): DUP_Database->mysqlDump('mysqldump.exe')
#2 C:\xampp8\htdocs\mitrakreasi\wp-content\plugins\duplicator\classes\package\class.pack.php(1305): DUP_Database->build(Object(DUP_Package), 1)
#3 C:\xampp8\htdocs\mitrakreasi\wp-content\plugins\duplicator\ctrls\ctrl.package.php(170): DUP_Package->runDupArchiveBuild()
#4 C:\xampp8\htdocs\mitrakreasi\wp-includes\class-wp-hook.php(324): duplicator_duparchive_package_build('')
#5 C:\xampp8\htdocs\mitrakreasi\wp-includes\class-wp-hook.php(348): WP_Hook->apply_filters('', Array)
#6 C:\xampp8\htdocs\mitrakreasi\wp-includes\plugin.php(517): WP_Hook->do_action(Array)
#7 C:\xampp8\htdocs\mitrakreasi\wp-admin\admin-ajax.php(188): do_action('wp_ajax_duplica...')
#8 {main}
TRACE:
	 1. class.pack.database.php : error (259)
	 2. class.pack.php : build (1305)
	 3. ctrl.package.php : runDupArchiveBuild (170)
	 4. class-wp-hook.php : duplicator_duparchive_package_build (324)
	 5. class-wp-hook.php : apply_filters (348)
	 6. plugin.php : do_action (517)
	 7. admin-ajax.php : do_action (188)
==================================================================================

[CTRL DUP ARCIVE] ERROR: caught exception

==================================================================================
DUPLICATOR ERROR
Please try again! If the error persists see the Duplicator 'Help' menu.
---------------------------------------------------------------------------------
MESSAGE:
	[CTRL DUP ARCIVE]  Caught exception
DETAILS:
	Runtime error in DUP_Database::Build. Shell mysql dump error. Change SQL Mode to the "PHP Code" in the Duplicator > Settings > Packages.
TRACE:
	 1. ctrl.package.php : error (173)
	 2. class-wp-hook.php : duplicator_duparchive_package_build (324)
	 3. class-wp-hook.php : apply_filters (348)
	 4. plugin.php : do_action (517)
	 5. admin-ajax.php : do_action (188)
==================================================================================

[CTRL DUP ARCIVE] ERROR: after log
[CTRL DUP ARCIVE] COMPLETED PACKAGE STATUS: -1.0
[CTRL DUP ARCIVE] ERROR

==================================================================================
DUPLICATOR ERROR
Please try again! If the error persists see the Duplicator 'Help' menu.
---------------------------------------------------------------------------------
MESSAGE:
	Build failed so sending back error
DETAILS:
	Error building DupArchive package&lt;br/&gt;
TRACE:
	 1. ctrl.package.php : error (197)
	 2. class-wp-hook.php : duplicator_duparchive_package_build (324)
	 3. class-wp-hook.php : apply_filters (348)
	 4. plugin.php : do_action (517)
	 5. admin-ajax.php : do_action (188)
==================================================================================

[CTRL DUP ARCIVE] ERROR AFTER LOG 2
[PHP ERR][ISSUE] MSG:version_compare(): Passing null to parameter #2 ($version2) of type string is deprecated [CODE:8192|FILE:C:\xampp8\htdocs\mitrakreasi\wp-content\plugins\elementor\core\experiments\manager.php|LINE:163]
DUP_Handler::shutdown, DUP_Handler::error, DUP_Handler::getMessage
